18-09-06:11:43:11 INFO     [pong-server.py:104] Starting Pong Server on localhost:3000
18-09-06:11:43:18 INFO     [pong-server.py:46] Local path: /Users/hari/Desktop/Cal/rise/clipper-tutorials/static/index.html
18-09-06:11:43:18 INFO     [pong-server.py:46] Local path: /Users/hari/Desktop/Cal/rise/clipper-tutorials/static/pong.css
18-09-06:11:43:18 INFO     [pong-server.py:46] Local path: /Users/hari/Desktop/Cal/rise/clipper-tutorials/static/game.js
18-09-06:11:43:18 INFO     [pong-server.py:46] Local path: /Users/hari/Desktop/Cal/rise/clipper-tutorials/static/pong.js
18-09-06:11:43:19 INFO     [pong-server.py:46] Local path: /Users/hari/Desktop/Cal/rise/clipper-tutorials/static/images/press1.png
18-09-06:11:43:19 INFO     [pong-server.py:46] Local path: /Users/hari/Desktop/Cal/rise/clipper-tutorials/static/images/press2.png
18-09-06:11:43:19 INFO     [pong-server.py:46] Local path: /Users/hari/Desktop/Cal/rise/clipper-tutorials/static/images/winner.png
18-09-06:11:43:19 INFO     [pong-server.py:46] Local path: /Users/hari/Desktop/Cal/rise/clipper-tutorials/static/sounds/ping.wav
18-09-06:11:43:19 INFO     [pong-server.py:46] Local path: /Users/hari/Desktop/Cal/rise/clipper-tutorials/static/sounds/pong.wav
18-09-06:11:43:19 INFO     [pong-server.py:46] Local path: /Users/hari/Desktop/Cal/rise/clipper-tutorials/static/sounds/wall.wav
18-09-06:11:43:19 INFO     [pong-server.py:46] Local path: /Users/hari/Desktop/Cal/rise/clipper-tutorials/static/sounds/goal.wav
18-09-06:11:43:19 INFO     [pong-server.py:46] Local path: /favicon.ico
18-09-06:11:43:31 INFO     [pong-server.py:68] 76
18-09-06:11:43:31 INFO     [pong-server.py:70] http://localhost:1337/pong/predict
18-09-06:11:43:31 INFO     [pong-server.py:68] 98
18-09-06:11:43:31 INFO     [pong-server.py:70] http://localhost:1337/pong/predict
18-09-06:11:43:31 INFO     [pong-server.py:68] 97
18-09-06:11:43:31 INFO     [pong-server.py:70] http://localhost:1337/pong/predict
18-09-06:11:43:31 INFO     [pong-server.py:68] 123
18-09-06:11:43:31 INFO     [pong-server.py:70] http://localhost:1337/pong/predict
18-09-06:11:43:31 INFO     [pong-server.py:68] 131
18-09-06:11:43:31 INFO     [pong-server.py:70] http://localhost:1337/pong/predict
18-09-06:11:43:31 INFO     [pong-server.py:68] 122
18-09-06:11:43:31 INFO     [pong-server.py:70] http://localhost:1337/pong/predict
18-09-06:11:43:31 INFO     [pong-server.py:68] 139
18-09-06:11:43:31 INFO     [pong-server.py:70] http://localhost:1337/pong/predict
18-09-06:11:43:31 INFO     [pong-server.py:68] 138
18-09-06:11:43:31 INFO     [pong-server.py:70] http://localhost:1337/pong/predict
18-09-06:11:43:31 INFO     [pong-server.py:68] 130
18-09-06:11:43:31 INFO     [pong-server.py:70] http://localhost:1337/pong/predict
18-09-06:11:43:31 INFO     [pong-server.py:68] 130
18-09-06:11:43:31 INFO     [pong-server.py:70] http://localhost:1337/pong/predict
18-09-06:11:43:31 INFO     [pong-server.py:68] 126
18-09-06:11:43:31 INFO     [pong-server.py:70] http://localhost:1337/pong/predict
18-09-06:11:43:31 INFO     [pong-server.py:68] 138
18-09-06:11:43:31 INFO     [pong-server.py:70] http://localhost:1337/pong/predict
18-09-06:11:43:31 INFO     [pong-server.py:68] 128
18-09-06:11:43:31 INFO     [pong-server.py:70] http://localhost:1337/pong/predict
18-09-06:11:43:31 INFO     [pong-server.py:68] 126
18-09-06:11:43:31 INFO     [pong-server.py:70] http://localhost:1337/pong/predict
18-09-06:11:43:32 INFO     [pong-server.py:68] 126
18-09-06:11:43:32 INFO     [pong-server.py:70] http://localhost:1337/pong/predict
18-09-06:11:43:32 INFO     [pong-server.py:68] 118
18-09-06:11:43:32 INFO     [pong-server.py:70] http://localhost:1337/pong/predict
18-09-06:11:43:32 INFO     [pong-server.py:68] 118
18-09-06:11:43:32 INFO     [pong-server.py:70] http://localhost:1337/pong/predict
18-09-06:11:43:32 INFO     [pong-server.py:68] 139
18-09-06:11:43:32 INFO     [pong-server.py:70] http://localhost:1337/pong/predict
18-09-06:11:43:32 INFO     [pong-server.py:68] 132
18-09-06:11:43:32 INFO     [pong-server.py:70] http://localhost:1337/pong/predict
18-09-06:11:43:32 INFO     [pong-server.py:68] 126
18-09-06:11:43:32 INFO     [pong-server.py:70] http://localhost:1337/pong/predict
18-09-06:11:43:32 INFO     [pong-server.py:68] 126
18-09-06:11:43:32 INFO     [pong-server.py:70] http://localhost:1337/pong/predict
18-09-06:11:43:32 INFO     [pong-server.py:68] 126
18-09-06:11:43:32 INFO     [pong-server.py:70] http://localhost:1337/pong/predict
18-09-06:11:43:32 INFO     [pong-server.py:68] 126
18-09-06:11:43:32 INFO     [pong-server.py:70] http://localhost:1337/pong/predict
18-09-06:11:43:32 INFO     [pong-server.py:68] 125
18-09-06:11:43:32 INFO     [pong-server.py:70] http://localhost:1337/pong/predict
18-09-06:11:43:32 INFO     [pong-server.py:68] 125
18-09-06:11:43:32 INFO     [pong-server.py:70] http://localhost:1337/pong/predict
18-09-06:11:43:32 INFO     [pong-server.py:68] 140
18-09-06:11:43:32 INFO     [pong-server.py:70] http://localhost:1337/pong/predict
18-09-06:11:43:32 INFO     [pong-server.py:68] 129
18-09-06:11:43:32 INFO     [pong-server.py:70] http://localhost:1337/pong/predict
18-09-06:11:43:32 INFO     [pong-server.py:68] 120
18-09-06:11:43:32 INFO     [pong-server.py:70] http://localhost:1337/pong/predict
18-09-06:11:43:32 INFO     [pong-server.py:68] 124
18-09-06:11:43:32 INFO     [pong-server.py:70] http://localhost:1337/pong/predict
18-09-06:11:43:32 INFO     [pong-server.py:68] 138
18-09-06:11:43:32 INFO     [pong-server.py:70] http://localhost:1337/pong/predict
18-09-06:11:43:32 INFO     [pong-server.py:68] 128
18-09-06:11:43:32 INFO     [pong-server.py:70] http://localhost:1337/pong/predict
18-09-06:11:43:32 INFO     [pong-server.py:68] 142
18-09-06:11:43:32 INFO     [pong-server.py:70] http://localhost:1337/pong/predict
18-09-06:11:43:32 INFO     [pong-server.py:68] 141
18-09-06:11:43:32 INFO     [pong-server.py:70] http://localhost:1337/pong/predict
18-09-06:11:43:32 INFO     [pong-server.py:68] 145
18-09-06:11:43:32 INFO     [pong-server.py:70] http://localhost:1337/pong/predict
18-09-06:11:43:33 INFO     [pong-server.py:68] 147
18-09-06:11:43:33 INFO     [pong-server.py:70] http://localhost:1337/pong/predict
18-09-06:11:43:33 INFO     [pong-server.py:68] 145
18-09-06:11:43:33 INFO     [pong-server.py:70] http://localhost:1337/pong/predict
18-09-06:11:43:33 INFO     [pong-server.py:68] 138
18-09-06:11:43:33 INFO     [pong-server.py:70] http://localhost:1337/pong/predict
18-09-06:11:43:33 INFO     [pong-server.py:68] 131
18-09-06:11:43:33 INFO     [pong-server.py:70] http://localhost:1337/pong/predict
18-09-06:11:43:33 INFO     [pong-server.py:68] 131
18-09-06:11:43:33 INFO     [pong-server.py:70] http://localhost:1337/pong/predict
18-09-06:11:43:33 INFO     [pong-server.py:68] 131
18-09-06:11:43:33 INFO     [pong-server.py:70] http://localhost:1337/pong/predict
18-09-06:11:43:33 INFO     [pong-server.py:68] 141
18-09-06:11:43:33 INFO     [pong-server.py:70] http://localhost:1337/pong/predict
18-09-06:11:43:33 INFO     [pong-server.py:68] 137
18-09-06:11:43:33 INFO     [pong-server.py:70] http://localhost:1337/pong/predict
18-09-06:11:43:33 INFO     [pong-server.py:68] 138
18-09-06:11:43:33 INFO     [pong-server.py:70] http://localhost:1337/pong/predict
18-09-06:11:43:33 INFO     [pong-server.py:68] 140
18-09-06:11:43:33 INFO     [pong-server.py:70] http://localhost:1337/pong/predict
18-09-06:11:43:33 INFO     [pong-server.py:68] 130
18-09-06:11:43:33 INFO     [pong-server.py:70] http://localhost:1337/pong/predict
18-09-06:11:43:33 INFO     [pong-server.py:68] 129
18-09-06:11:43:33 INFO     [pong-server.py:70] http://localhost:1337/pong/predict
18-09-06:11:43:33 INFO     [pong-server.py:68] 131
18-09-06:11:43:33 INFO     [pong-server.py:70] http://localhost:1337/pong/predict
18-09-06:11:43:33 INFO     [pong-server.py:68] 140
18-09-06:11:43:33 INFO     [pong-server.py:70] http://localhost:1337/pong/predict
18-09-06:11:43:33 INFO     [pong-server.py:68] 140
18-09-06:11:43:33 INFO     [pong-server.py:70] http://localhost:1337/pong/predict
18-09-06:11:43:33 INFO     [pong-server.py:68] 132
18-09-06:11:43:33 INFO     [pong-server.py:70] http://localhost:1337/pong/predict
18-09-06:11:43:33 INFO     [pong-server.py:68] 131
18-09-06:11:43:33 INFO     [pong-server.py:70] http://localhost:1337/pong/predict
18-09-06:11:43:33 INFO     [pong-server.py:68] 140
18-09-06:11:43:33 INFO     [pong-server.py:70] http://localhost:1337/pong/predict
18-09-06:11:43:33 INFO     [pong-server.py:68] 147
18-09-06:11:43:33 INFO     [pong-server.py:70] http://localhost:1337/pong/predict
18-09-06:11:43:33 INFO     [pong-server.py:68] 135
18-09-06:11:43:33 INFO     [pong-server.py:70] http://localhost:1337/pong/predict
18-09-06:11:43:34 INFO     [pong-server.py:68] 135
18-09-06:11:43:34 INFO     [pong-server.py:70] http://localhost:1337/pong/predict
18-09-06:11:43:34 INFO     [pong-server.py:68] 136
18-09-06:11:43:34 INFO     [pong-server.py:70] http://localhost:1337/pong/predict
18-09-06:11:43:34 INFO     [pong-server.py:68] 136
18-09-06:11:43:34 INFO     [pong-server.py:70] http://localhost:1337/pong/predict
18-09-06:11:43:34 INFO     [pong-server.py:68] 136
18-09-06:11:43:34 INFO     [pong-server.py:70] http://localhost:1337/pong/predict
18-09-06:11:43:34 INFO     [pong-server.py:68] 128
18-09-06:11:43:34 INFO     [pong-server.py:70] http://localhost:1337/pong/predict
18-09-06:11:43:34 INFO     [pong-server.py:68] 120
18-09-06:11:43:34 INFO     [pong-server.py:70] http://localhost:1337/pong/predict
18-09-06:11:43:34 INFO     [pong-server.py:68] 117
18-09-06:11:43:34 INFO     [pong-server.py:70] http://localhost:1337/pong/predict
18-09-06:11:43:34 INFO     [pong-server.py:68] 127
18-09-06:11:43:34 INFO     [pong-server.py:70] http://localhost:1337/pong/predict
18-09-06:11:43:34 INFO     [pong-server.py:68] 134
18-09-06:11:43:34 INFO     [pong-server.py:70] http://localhost:1337/pong/predict
18-09-06:11:43:34 INFO     [pong-server.py:68] 134
18-09-06:11:43:34 INFO     [pong-server.py:70] http://localhost:1337/pong/predict
18-09-06:11:43:34 INFO     [pong-server.py:68] 134
18-09-06:11:43:34 INFO     [pong-server.py:70] http://localhost:1337/pong/predict
18-09-06:11:43:34 INFO     [pong-server.py:68] 134
18-09-06:11:43:34 INFO     [pong-server.py:70] http://localhost:1337/pong/predict
18-09-06:11:43:34 INFO     [pong-server.py:68] 135
18-09-06:11:43:34 INFO     [pong-server.py:70] http://localhost:1337/pong/predict
18-09-06:11:43:34 INFO     [pong-server.py:68] 118
18-09-06:11:43:34 INFO     [pong-server.py:70] http://localhost:1337/pong/predict
18-09-06:11:43:34 INFO     [pong-server.py:68] 121
18-09-06:11:43:34 INFO     [pong-server.py:70] http://localhost:1337/pong/predict
18-09-06:11:43:34 INFO     [pong-server.py:68] 136
18-09-06:11:43:34 INFO     [pong-server.py:70] http://localhost:1337/pong/predict
18-09-06:11:43:34 INFO     [pong-server.py:68] 137
18-09-06:11:43:34 INFO     [pong-server.py:70] http://localhost:1337/pong/predict
18-09-06:11:43:34 INFO     [pong-server.py:68] 136
18-09-06:11:43:34 INFO     [pong-server.py:70] http://localhost:1337/pong/predict
18-09-06:11:43:34 INFO     [pong-server.py:68] 145
18-09-06:11:43:34 INFO     [pong-server.py:70] http://localhost:1337/pong/predict
18-09-06:11:43:34 INFO     [pong-server.py:68] 148
18-09-06:11:43:34 INFO     [pong-server.py:70] http://localhost:1337/pong/predict
18-09-06:11:43:35 INFO     [pong-server.py:68] 135
18-09-06:11:43:35 INFO     [pong-server.py:70] http://localhost:1337/pong/predict
18-09-06:11:43:35 INFO     [pong-server.py:68] 93
18-09-06:11:43:35 INFO     [pong-server.py:70] http://localhost:1337/pong/predict
18-09-06:11:43:35 INFO     [pong-server.py:68] 87
18-09-06:11:43:35 INFO     [pong-server.py:70] http://localhost:1337/pong/predict
18-09-06:11:43:35 INFO     [pong-server.py:68] 82
18-09-06:11:43:35 INFO     [pong-server.py:70] http://localhost:1337/pong/predict
18-09-06:11:43:35 INFO     [pong-server.py:68] 108
18-09-06:11:43:35 INFO     [pong-server.py:70] http://localhost:1337/pong/predict
18-09-06:11:43:35 INFO     [pong-server.py:68] 125
18-09-06:11:43:35 INFO     [pong-server.py:70] http://localhost:1337/pong/predict
18-09-06:11:43:35 INFO     [pong-server.py:68] 132
18-09-06:11:43:35 INFO     [pong-server.py:70] http://localhost:1337/pong/predict
18-09-06:11:43:35 INFO     [pong-server.py:68] 132
18-09-06:11:43:35 INFO     [pong-server.py:70] http://localhost:1337/pong/predict
18-09-06:11:43:35 INFO     [pong-server.py:68] 148
18-09-06:11:43:35 INFO     [pong-server.py:70] http://localhost:1337/pong/predict
18-09-06:11:43:35 INFO     [pong-server.py:68] 129
18-09-06:11:43:35 INFO     [pong-server.py:70] http://localhost:1337/pong/predict
18-09-06:11:43:35 INFO     [pong-server.py:68] 140
18-09-06:11:43:35 INFO     [pong-server.py:70] http://localhost:1337/pong/predict
18-09-06:11:43:35 INFO     [pong-server.py:68] 148
18-09-06:11:43:35 INFO     [pong-server.py:70] http://localhost:1337/pong/predict
18-09-06:11:43:35 INFO     [pong-server.py:68] 148
18-09-06:11:43:35 INFO     [pong-server.py:70] http://localhost:1337/pong/predict
18-09-06:11:43:35 INFO     [pong-server.py:68] 134
18-09-06:11:43:35 INFO     [pong-server.py:70] http://localhost:1337/pong/predict
18-09-06:11:43:35 INFO     [pong-server.py:68] 136
18-09-06:11:43:35 INFO     [pong-server.py:70] http://localhost:1337/pong/predict
18-09-06:11:43:35 INFO     [pong-server.py:68] 134
18-09-06:11:43:35 INFO     [pong-server.py:70] http://localhost:1337/pong/predict
18-09-06:11:43:35 INFO     [pong-server.py:68] 133
18-09-06:11:43:35 INFO     [pong-server.py:70] http://localhost:1337/pong/predict
18-09-06:11:43:35 INFO     [pong-server.py:68] 132
18-09-06:11:43:35 INFO     [pong-server.py:70] http://localhost:1337/pong/predict
18-09-06:11:43:35 INFO     [pong-server.py:68] 133
18-09-06:11:43:35 INFO     [pong-server.py:70] http://localhost:1337/pong/predict
18-09-06:11:43:35 INFO     [pong-server.py:68] 134
18-09-06:11:43:35 INFO     [pong-server.py:70] http://localhost:1337/pong/predict
18-09-06:11:43:36 INFO     [pong-server.py:68] 134
18-09-06:11:43:36 INFO     [pong-server.py:70] http://localhost:1337/pong/predict
18-09-06:11:43:36 INFO     [pong-server.py:68] 133
18-09-06:11:43:36 INFO     [pong-server.py:70] http://localhost:1337/pong/predict
18-09-06:11:43:36 INFO     [pong-server.py:68] 132
18-09-06:11:43:36 INFO     [pong-server.py:70] http://localhost:1337/pong/predict
18-09-06:11:43:36 INFO     [pong-server.py:68] 133
18-09-06:11:43:36 INFO     [pong-server.py:70] http://localhost:1337/pong/predict
18-09-06:11:43:36 INFO     [pong-server.py:68] 126
18-09-06:11:43:36 INFO     [pong-server.py:70] http://localhost:1337/pong/predict
18-09-06:11:43:36 INFO     [pong-server.py:68] 125
18-09-06:11:43:36 INFO     [pong-server.py:70] http://localhost:1337/pong/predict
18-09-06:11:43:36 INFO     [pong-server.py:68] 133
18-09-06:11:43:36 INFO     [pong-server.py:70] http://localhost:1337/pong/predict
18-09-06:11:43:36 INFO     [pong-server.py:68] 135
18-09-06:11:43:36 INFO     [pong-server.py:70] http://localhost:1337/pong/predict
18-09-06:11:43:36 INFO     [pong-server.py:68] 133
18-09-06:11:43:36 INFO     [pong-server.py:70] http://localhost:1337/pong/predict
18-09-06:11:43:36 INFO     [pong-server.py:68] 133
18-09-06:11:43:36 INFO     [pong-server.py:70] http://localhost:1337/pong/predict
18-09-06:11:43:36 INFO     [pong-server.py:68] 135
18-09-06:11:43:36 INFO     [pong-server.py:70] http://localhost:1337/pong/predict
18-09-06:11:43:36 INFO     [pong-server.py:68] 135
18-09-06:11:43:36 INFO     [pong-server.py:70] http://localhost:1337/pong/predict
18-09-06:11:43:36 INFO     [pong-server.py:68] 132
18-09-06:11:43:36 INFO     [pong-server.py:70] http://localhost:1337/pong/predict
18-09-06:11:43:36 INFO     [pong-server.py:68] 133
18-09-06:11:43:36 INFO     [pong-server.py:70] http://localhost:1337/pong/predict
18-09-06:11:43:36 INFO     [pong-server.py:68] 134
18-09-06:11:43:36 INFO     [pong-server.py:70] http://localhost:1337/pong/predict
18-09-06:11:43:36 INFO     [pong-server.py:68] 134
18-09-06:11:43:36 INFO     [pong-server.py:70] http://localhost:1337/pong/predict
18-09-06:11:43:36 INFO     [pong-server.py:68] 133
18-09-06:11:43:36 INFO     [pong-server.py:70] http://localhost:1337/pong/predict
18-09-06:11:43:36 INFO     [pong-server.py:68] 132
18-09-06:11:43:36 INFO     [pong-server.py:70] http://localhost:1337/pong/predict
18-09-06:11:43:36 INFO     [pong-server.py:68] 134
18-09-06:11:43:36 INFO     [pong-server.py:70] http://localhost:1337/pong/predict
18-09-06:11:43:36 INFO     [pong-server.py:68] 134
18-09-06:11:43:36 INFO     [pong-server.py:70] http://localhost:1337/pong/predict
18-09-06:11:43:37 INFO     [pong-server.py:68] 134
18-09-06:11:43:37 INFO     [pong-server.py:70] http://localhost:1337/pong/predict
18-09-06:11:43:37 INFO     [pong-server.py:68] 133
18-09-06:11:43:37 INFO     [pong-server.py:70] http://localhost:1337/pong/predict
18-09-06:11:43:37 INFO     [pong-server.py:68] 134
18-09-06:11:43:37 INFO     [pong-server.py:70] http://localhost:1337/pong/predict
18-09-06:11:43:37 INFO     [pong-server.py:68] 136
18-09-06:11:43:37 INFO     [pong-server.py:70] http://localhost:1337/pong/predict
18-09-06:11:43:37 INFO     [pong-server.py:68] 134
18-09-06:11:43:37 INFO     [pong-server.py:70] http://localhost:1337/pong/predict
18-09-06:11:43:37 INFO     [pong-server.py:68] 134
18-09-06:11:43:37 INFO     [pong-server.py:70] http://localhost:1337/pong/predict
18-09-06:11:43:37 INFO     [pong-server.py:68] 136
18-09-06:11:43:37 INFO     [pong-server.py:70] http://localhost:1337/pong/predict
18-09-06:11:43:37 INFO     [pong-server.py:68] 135
18-09-06:11:43:37 INFO     [pong-server.py:70] http://localhost:1337/pong/predict
18-09-06:11:43:37 INFO     [pong-server.py:68] 134
18-09-06:11:43:37 INFO     [pong-server.py:70] http://localhost:1337/pong/predict
18-09-06:11:43:37 INFO     [pong-server.py:68] 135
18-09-06:11:43:37 INFO     [pong-server.py:70] http://localhost:1337/pong/predict
18-09-06:11:43:37 INFO     [pong-server.py:68] 134
18-09-06:11:43:37 INFO     [pong-server.py:70] http://localhost:1337/pong/predict
18-09-06:11:43:37 INFO     [pong-server.py:68] 136
18-09-06:11:43:37 INFO     [pong-server.py:70] http://localhost:1337/pong/predict
18-09-06:11:43:37 INFO     [pong-server.py:68] 134
18-09-06:11:43:37 INFO     [pong-server.py:70] http://localhost:1337/pong/predict
18-09-06:11:43:37 INFO     [pong-server.py:68] 136
18-09-06:11:43:37 INFO     [pong-server.py:70] http://localhost:1337/pong/predict
18-09-06:11:43:37 INFO     [pong-server.py:68] 135
18-09-06:11:43:37 INFO     [pong-server.py:70] http://localhost:1337/pong/predict
18-09-06:11:43:37 INFO     [pong-server.py:68] 133
18-09-06:11:43:37 INFO     [pong-server.py:70] http://localhost:1337/pong/predict
18-09-06:11:43:37 INFO     [pong-server.py:68] 121
18-09-06:11:43:37 INFO     [pong-server.py:70] http://localhost:1337/pong/predict
18-09-06:11:43:37 INFO     [pong-server.py:68] 121
18-09-06:11:43:37 INFO     [pong-server.py:70] http://localhost:1337/pong/predict
18-09-06:11:43:37 INFO     [pong-server.py:68] 134
18-09-06:11:43:37 INFO     [pong-server.py:70] http://localhost:1337/pong/predict
18-09-06:11:43:37 INFO     [pong-server.py:68] 136
18-09-06:11:43:37 INFO     [pong-server.py:70] http://localhost:1337/pong/predict
18-09-06:11:43:38 INFO     [pong-server.py:68] 147
18-09-06:11:43:38 INFO     [pong-server.py:70] http://localhost:1337/pong/predict
18-09-06:11:43:38 INFO     [pong-server.py:68] 148
18-09-06:11:43:38 INFO     [pong-server.py:70] http://localhost:1337/pong/predict
18-09-06:11:43:38 INFO     [pong-server.py:68] 148
18-09-06:11:43:38 INFO     [pong-server.py:70] http://localhost:1337/pong/predict
18-09-06:11:43:38 INFO     [pong-server.py:68] 138
18-09-06:11:43:38 INFO     [pong-server.py:70] http://localhost:1337/pong/predict
18-09-06:11:43:38 INFO     [pong-server.py:68] 138
18-09-06:11:43:38 INFO     [pong-server.py:70] http://localhost:1337/pong/predict
18-09-06:11:43:38 INFO     [pong-server.py:68] 148
18-09-06:11:43:38 INFO     [pong-server.py:70] http://localhost:1337/pong/predict
18-09-06:11:43:38 INFO     [pong-server.py:68] 146
18-09-06:11:43:38 INFO     [pong-server.py:70] http://localhost:1337/pong/predict
18-09-06:11:43:38 INFO     [pong-server.py:68] 135
18-09-06:11:43:38 INFO     [pong-server.py:70] http://localhost:1337/pong/predict
18-09-06:11:43:38 INFO     [pong-server.py:68] 147
18-09-06:11:43:38 INFO     [pong-server.py:70] http://localhost:1337/pong/predict
18-09-06:11:43:38 INFO     [pong-server.py:68] 136
18-09-06:11:43:38 INFO     [pong-server.py:70] http://localhost:1337/pong/predict
18-09-06:11:43:38 INFO     [pong-server.py:68] 138
18-09-06:11:43:38 INFO     [pong-server.py:70] http://localhost:1337/pong/predict
18-09-06:11:43:38 INFO     [pong-server.py:68] 147
18-09-06:11:43:38 INFO     [pong-server.py:70] http://localhost:1337/pong/predict
18-09-06:11:43:38 INFO     [pong-server.py:68] 136
18-09-06:11:43:38 INFO     [pong-server.py:70] http://localhost:1337/pong/predict
18-09-06:11:43:38 INFO     [pong-server.py:68] 135
18-09-06:11:43:38 INFO     [pong-server.py:70] http://localhost:1337/pong/predict
18-09-06:11:43:38 INFO     [pong-server.py:68] 147
18-09-06:11:43:38 INFO     [pong-server.py:70] http://localhost:1337/pong/predict
18-09-06:11:43:38 INFO     [pong-server.py:68] 147
18-09-06:11:43:38 INFO     [pong-server.py:70] http://localhost:1337/pong/predict
18-09-06:11:43:38 INFO     [pong-server.py:68] 93
18-09-06:11:43:38 INFO     [pong-server.py:70] http://localhost:1337/pong/predict
18-09-06:11:43:38 INFO     [pong-server.py:68] 100
18-09-06:11:43:38 INFO     [pong-server.py:70] http://localhost:1337/pong/predict
18-09-06:11:43:38 INFO     [pong-server.py:68] 111
18-09-06:11:43:38 INFO     [pong-server.py:70] http://localhost:1337/pong/predict
18-09-06:11:43:38 INFO     [pong-server.py:68] 128
18-09-06:11:43:38 INFO     [pong-server.py:70] http://localhost:1337/pong/predict
18-09-06:11:43:39 INFO     [pong-server.py:68] 140
18-09-06:11:43:39 INFO     [pong-server.py:70] http://localhost:1337/pong/predict
18-09-06:11:43:39 INFO     [pong-server.py:68] 135
18-09-06:11:43:39 INFO     [pong-server.py:70] http://localhost:1337/pong/predict
18-09-06:11:43:39 INFO     [pong-server.py:68] 128
18-09-06:11:43:39 INFO     [pong-server.py:70] http://localhost:1337/pong/predict
18-09-06:11:43:39 INFO     [pong-server.py:68] 138
18-09-06:11:43:39 INFO     [pong-server.py:70] http://localhost:1337/pong/predict
18-09-06:11:43:39 INFO     [pong-server.py:68] 134
18-09-06:11:43:39 INFO     [pong-server.py:70] http://localhost:1337/pong/predict
18-09-06:11:43:39 INFO     [pong-server.py:68] 136
18-09-06:11:43:39 INFO     [pong-server.py:70] http://localhost:1337/pong/predict
18-09-06:11:43:39 INFO     [pong-server.py:68] 149
18-09-06:11:43:39 INFO     [pong-server.py:70] http://localhost:1337/pong/predict
18-09-06:11:43:39 INFO     [pong-server.py:68] 139
18-09-06:11:43:39 INFO     [pong-server.py:70] http://localhost:1337/pong/predict
18-09-06:11:43:39 INFO     [pong-server.py:68] 148
18-09-06:11:43:39 INFO     [pong-server.py:70] http://localhost:1337/pong/predict
18-09-06:11:48:31 INFO     [pong-server.py:46] Local path: /Users/hari/Desktop/Cal/rise/clipper-tutorials/static/index.html
18-09-06:11:48:31 INFO     [pong-server.py:46] Local path: /Users/hari/Desktop/Cal/rise/clipper-tutorials/static/pong.css
18-09-06:11:48:31 INFO     [pong-server.py:46] Local path: /Users/hari/Desktop/Cal/rise/clipper-tutorials/static/game.js
18-09-06:11:48:31 INFO     [pong-server.py:46] Local path: /Users/hari/Desktop/Cal/rise/clipper-tutorials/static/pong.js
18-09-06:11:48:32 INFO     [pong-server.py:46] Local path: /Users/hari/Desktop/Cal/rise/clipper-tutorials/static/images/press1.png
18-09-06:11:48:32 INFO     [pong-server.py:46] Local path: /Users/hari/Desktop/Cal/rise/clipper-tutorials/static/images/press2.png
18-09-06:11:48:32 INFO     [pong-server.py:46] Local path: /Users/hari/Desktop/Cal/rise/clipper-tutorials/static/images/winner.png
18-09-06:11:48:32 INFO     [pong-server.py:46] Local path: /Users/hari/Desktop/Cal/rise/clipper-tutorials/static/sounds/ping.wav
18-09-06:11:48:32 INFO     [pong-server.py:46] Local path: /Users/hari/Desktop/Cal/rise/clipper-tutorials/static/sounds/pong.wav
18-09-06:11:48:32 INFO     [pong-server.py:46] Local path: /Users/hari/Desktop/Cal/rise/clipper-tutorials/static/sounds/wall.wav
18-09-06:11:48:32 INFO     [pong-server.py:46] Local path: /Users/hari/Desktop/Cal/rise/clipper-tutorials/static/sounds/goal.wav
18-09-06:11:48:32 INFO     [pong-server.py:46] Local path: /favicon.ico
